<?xml version="1.0" encoding="UTF-8"?>
<!-- Generated by org.testng.reporters.JUnitReportReporter -->
<testsuite hostname="DESKTOP-ADMB8DB" failures="0" tests="1" name="test.cases.TC_LoginTest_001" time="1.725" errors="0" timestamp="2021-11-01T14:12:05 IST" skipped="0">
  <testcase classname="test.cases.TC_LoginTest_001" name="loginTest" time="1.725"/>
  <system-out/>
</testsuite> <!-- test.cases.TC_LoginTest_001 -->
