<?xml version="1.0" encoding="UTF-8"?>
<!-- Generated by org.testng.reporters.JUnitReportReporter -->
<testsuite hostname="DESKTOP-ADMB8DB" failures="0" tests="1" name="test.cases.TC_EditCustomerTest_004" time="9.813" errors="0" timestamp="2021-10-30T21:36:49 IST" skipped="0">
  <testcase classname="test.cases.TC_EditCustomerTest_004" name="editCustomerWithId" time="9.813"/>
  <system-out/>
</testsuite> <!-- test.cases.TC_EditCustomerTest_004 -->
