<?xml version="1.0" encoding="UTF-8"?>
<!-- Generated by org.testng.reporters.JUnitReportReporter -->
<testsuite hostname="DESKTOP-ADMB8DB" failures="0" tests="1" name="test.cases.TC_AddCustomerTest_003" time="20.345" errors="0" timestamp="2021-10-28T23:55:39 IST" skipped="0">
  <testcase classname="test.cases.TC_AddCustomerTest_003" name="addNewCustomer" time="20.345"/>
  <system-out/>
</testsuite> <!-- test.cases.TC_AddCustomerTest_003 -->
